{
  "RSpec": {
    "coverage": {
      "/Users/thomas/Makers/students/gustaf/battleships-march/spec/features/rps_game_spec.rb": [
        1,
        null,
        null,
        1,
        1,
        1,
        1,
        1,
        1,
        null,
        null,
        null,
        1,
        1,
        1,
        1,
        1,
        1,
        null,
        null,
        1,
        1,
        1,
        1,
        1,
        1,
        null,
        null,
        null,
        null
      ]
    },
    "timestamp": 1442586200
  }
}
