{
  "RSpec": {
    "coverage": {
      "/Users/David/battleships-march/spec/Features/starting_a_game_spec.rb": [
        1,
        null,
        1,
        null,
        null,
        null,
        null,
        null,
        1,
        1,
        1,
        1,
        null,
        null,
        1,
        1,
        1,
        1,
        1,
        null,
        1,
        1,
        null,
        null
      ],
      "/Users/David/battleships-march/spec/board_spec.rb": [
        1,
        null,
        1,
        19,
        8,
        19,
        18,
        7,
        5,
        null,
        null,
        null,
        1,
        1,
        null,
        null,
        1,
        1,
        1,
        1,
        null,
        null,
        1,
        1,
        null,
        null,
        1,
        1,
        1,
        1,
        1,
        null,
        null,
        1,
        1,
        null,
        null,
        1,
        1,
        1,
        1,
        1,
        null,
        null,
        1,
        1,
        null,
        null,
        1,
        1,
        1,
        null,
        null,
        1,
        2,
        null,
        null,
        1,
        1,
        1,
        1,
        1,
        null,
        null,
        1,
        2,
        null,
        null,
        1,
        1,
        1,
        1,
        null,
        null,
        1,
        1,
        1,
        1,
        null,
        null,
        1,
        1,
        1,
        1,
        null,
        null,
        1,
        1,
        null,
        null,
        1,
        1,
        1,
        1,
        null,
        null,
        1,
        1,
        1,
        1,
        null,
        null,
        1,
        1,
        1,
        1,
        null,
        null,
        null,
        null
      ],
      "/Users/David/battleships-march/lib/board.rb": [
        1,
        1,
        1,
        null,
        1,
        null,
        1,
        18,
        18,
        18,
        18,
        null,
        null,
        1,
        null,
        171,
        1701,
        null,
        18,
        null,
        null,
        1,
        189,
        null,
        null,
        1,
        101,
        null,
        null,
        1,
        18,
        null,
        null,
        1,
        18,
        null,
        null,
        1,
        11,
        3,
        5,
        null,
        null,
        null,
        1,
        8,
        14,
        8,
        null,
        null,
        1,
        6,
        null,
        null,
        1,
        12,
        null,
        null,
        1,
        2,
        1,
        null,
        null,
        1,
        3,
        null,
        null,
        1,
        404,
        null,
        null,
        1,
        2,
        null,
        null,
        1,
        1,
        null,
        null,
        null,
        null
      ],
      "/Users/David/battleships-march/spec/cell_spec.rb": [
        1,
        null,
        1,
        5,
        5,
        null,
        1,
        1,
        1,
        null,
        null,
        1,
        1,
        3,
        3,
        null,
        null,
        1,
        1,
        1,
        null,
        null,
        1,
        1,
        2,
        null,
        null,
        1,
        1,
        1,
        null,
        null,
        null
      ],
      "/Users/David/battleships-march/lib/cell.rb": [
        1,
        1,
        null,
        1,
        4,
        null,
        null,
        1,
        4,
        3,
        3,
        null,
        null,
        1,
        5,
        null,
        null
      ],
      "/Users/David/battleships-march/spec/game_spec.rb": [
        1,
        1,
        13,
        13,
        13,
        null,
        1,
        12,
        12,
        null,
        null,
        1,
        1,
        null,
        null,
        1,
        1,
        null,
        null,
        1,
        1,
        null,
        null,
        1,
        1,
        1,
        null,
        null,
        1,
        1,
        1,
        null,
        null,
        1,
        1,
        1,
        null,
        null,
        1,
        1,
        null,
        null,
        1,
        1,
        null,
        null,
        1,
        1,
        1,
        null,
        null,
        1,
        1,
        1,
        1,
        null,
        null,
        1,
        1,
        1,
        1,
        null,
        null,
        1,
        1,
        1,
        1,
        null,
        null,
        null,
        null,
        null
      ],
      "/Users/David/battleships-march/lib/game.rb": [
        1,
        null,
        1,
        null,
        1,
        12,
        null,
        null,
        1,
        4,
        4,
        3,
        null,
        null,
        1,
        12,
        null,
        null,
        1,
        4,
        null,
        null,
        1,
        3,
        null,
        null,
        1,
        null,
        1,
        3,
        null,
        null,
        null
      ],
      "/Users/David/battleships-march/spec/player_spec.rb": [
        1,
        1,
        7,
        6,
        null,
        1,
        1,
        null,
        null,
        1,
        1,
        1,
        null,
        null,
        null,
        1,
        5,
        null,
        1,
        1,
        null,
        null,
        1,
        1,
        1,
        null,
        null,
        1,
        3,
        null,
        1,
        1,
        1,
        null,
        null,
        1,
        1,
        1,
        null,
        null,
        null,
        null,
        null,
        null,
        null,
        null
      ],
      "/Users/David/battleships-march/spec/ship_spec.rb": [
        1,
        null,
        1,
        4,
        null,
        1,
        1,
        null,
        null,
        1,
        1,
        null,
        null,
        1,
        1,
        1,
        1,
        null,
        null,
        1,
        1,
        1,
        null,
        null,
        null
      ],
      "/Users/David/battleships-march/lib/ship.rb": [
        1,
        1,
        1,
        null,
        1,
        4,
        4,
        null,
        null,
        1,
        2,
        null,
        null,
        1,
        2,
        null,
        null,
        1,
        1,
        null,
        null,
        1,
        1,
        null
      ],
      "/Users/David/battleships-march/spec/water_spec.rb": [
        1,
        1,
        null,
        1,
        1,
        null,
        null,
        null
      ],
      "/Users/David/battleships-march/lib/water.rb": [
        1,
        1,
        1,
        null,
        null
      ]
    },
    "timestamp": 1442481862
  }
}
